

Processing ApplicationController#index (for 127.0.0.1 at 2009-12-05 15:25:17) [GET]

ActionController::RoutingError (No route matches "/sessions/login" with {:method=>:get}):
  c:/ruby/lib/ruby/1.8/webrick/httpserver.rb:104:in `service'
  c:/ruby/lib/ruby/1.8/webrick/httpserver.rb:65:in `run'
  c:/ruby/lib/ruby/1.8/webrick/server.rb:173:in `start_thread'
  c:/ruby/lib/ruby/1.8/webrick/server.rb:162:in `start'
  c:/ruby/lib/ruby/1.8/webrick/server.rb:162:in `start_thread'
  c:/ruby/lib/ruby/1.8/webrick/server.rb:95:in `start'
  c:/ruby/lib/ruby/1.8/webrick/server.rb:92:in `each'
  c:/ruby/lib/ruby/1.8/webrick/server.rb:92:in `start'
  c:/ruby/lib/ruby/1.8/webrick/server.rb:23:in `start'
  c:/ruby/lib/ruby/1.8/webrick/server.rb:82:in `start'

Rendering rescues/layout (not_found)
  [4;36;1mHighScore Load (0.0ms)[0m   [0;1mSQLite3::SQLException: no such table: high_scores: SELECT * FROM "high_scores" [0m
  [4;36;1mSQL (1.0ms)[0m   [0;1m SELECT name
 FROM sqlite_master
 WHERE type = 'table' AND NOT name = 'sqlite_sequence'
[0m
  [4;35;1mSQL (1.0ms)[0m   [0mselect sqlite_version(*)[0m
  [4;36;1mSQL (90.0ms)[0m   [0;1mCREATE TABLE "schema_migrations" ("version" varchar(255) NOT NULL) [0m
  [4;35;1mSQL (111.0ms)[0m   [0mCREATE UNIQUE INDEX "unique_schema_migrations" ON "schema_migrations" ("version")[0m
  [4;36;1mSQL (1.0ms)[0m   [0;1m SELECT name
 FROM sqlite_master
 WHERE type = 'table' AND NOT name = 'sqlite_sequence'
[0m
  [4;35;1mSQL (0.0ms)[0m   [0mSELECT version FROM schema_migrations[0m
Migrating to CreateHighScores (20091206184229)
  [4;36;1mSQL (2.0ms)[0m   [0;1mCREATE TABLE "high_scores" ("id" INTEGER PRIMARY KEY AUTOINCREMENT NOT NULL, "name" varchar(255), "created_at" datetime, "updated_at" datetime) [0m
  [4;35;1mSQL (1.0ms)[0m   [0mINSERT INTO schema_migrations (version) VALUES ('20091206184229')[0m
  [4;36;1mSQL (1.0ms)[0m   [0;1m SELECT name
 FROM sqlite_master
 WHERE type = 'table' AND NOT name = 'sqlite_sequence'
[0m
  [4;35;1mSQL (1.0ms)[0m   [0mSELECT version FROM schema_migrations[0m
  [4;36;1mSQL (0.0ms)[0m   [0;1m SELECT name
 FROM sqlite_master
 WHERE type = 'table' AND NOT name = 'sqlite_sequence'
[0m
  [4;35;1mSQL (0.0ms)[0m   [0mPRAGMA index_list("high_scores")[0m
  [4;36;1mHighScore Load (1.0ms)[0m   [0;1mSELECT * FROM "high_scores" [0m
  [4;36;1mHighScore Load (1.0ms)[0m   [0;1mSELECT * FROM "high_scores" [0m
  [4;36;1mSQL (1.0ms)[0m   [0;1m SELECT name
 FROM sqlite_master
 WHERE type = 'table' AND NOT name = 'sqlite_sequence'
[0m
  [4;35;1mSQL (0.0ms)[0m   [0mselect sqlite_version(*)[0m
  [4;36;1mSQL (146.0ms)[0m   [0;1mCREATE TABLE "schema_migrations" ("version" varchar(255) NOT NULL) [0m
  [4;35;1mSQL (111.0ms)[0m   [0mCREATE UNIQUE INDEX "unique_schema_migrations" ON "schema_migrations" ("version")[0m
  [4;36;1mSQL (1.0ms)[0m   [0;1m SELECT name
 FROM sqlite_master
 WHERE type = 'table' AND NOT name = 'sqlite_sequence'
[0m
  [4;35;1mSQL (0.0ms)[0m   [0mSELECT version FROM schema_migrations[0m
Migrating to CreateHighScores (20091206184229)
  [4;36;1mSQL (2.0ms)[0m   [0;1mCREATE TABLE "high_scores" ("id" INTEGER PRIMARY KEY AUTOINCREMENT NOT NULL, "name" varchar(255), "created_at" datetime, "updated_at" datetime) [0m
  [4;35;1mSQL (0.0ms)[0m   [0mINSERT INTO schema_migrations (version) VALUES ('20091206184229')[0m
  [4;36;1mSQL (1.0ms)[0m   [0;1m SELECT name
 FROM sqlite_master
 WHERE type = 'table' AND NOT name = 'sqlite_sequence'
[0m
  [4;35;1mSQL (1.0ms)[0m   [0mSELECT version FROM schema_migrations[0m
  [4;36;1mSQL (0.0ms)[0m   [0;1m SELECT name
 FROM sqlite_master
 WHERE type = 'table' AND NOT name = 'sqlite_sequence'
[0m
  [4;35;1mSQL (0.0ms)[0m   [0mPRAGMA index_list("high_scores")[0m
  [4;36;1mSQL (1.0ms)[0m   [0;1m SELECT name
 FROM sqlite_master
 WHERE type = 'table' AND NOT name = 'sqlite_sequence'
[0m
  [4;35;1mSQL (0.0ms)[0m   [0mselect sqlite_version(*)[0m
  [4;36;1mSQL (79.0ms)[0m   [0;1mCREATE TABLE "schema_migrations" ("version" varchar(255) NOT NULL) [0m
  [4;35;1mSQL (187.0ms)[0m   [0mCREATE UNIQUE INDEX "unique_schema_migrations" ON "schema_migrations" ("version")[0m
  [4;36;1mSQL (1.0ms)[0m   [0;1m SELECT name
 FROM sqlite_master
 WHERE type = 'table' AND NOT name = 'sqlite_sequence'
[0m
  [4;35;1mSQL (0.0ms)[0m   [0mSELECT version FROM schema_migrations[0m
Migrating to CreateHighScores (20091206184229)
  [4;36;1mSQL (2.0ms)[0m   [0;1mCREATE TABLE "high_scores" ("id" INTEGER PRIMARY KEY AUTOINCREMENT NOT NULL, "name" varchar(255), "score" integer, "created_at" datetime, "updated_at" datetime) [0m
  [4;35;1mSQL (0.0ms)[0m   [0mINSERT INTO schema_migrations (version) VALUES ('20091206184229')[0m
  [4;36;1mSQL (1.0ms)[0m   [0;1m SELECT name
 FROM sqlite_master
 WHERE type = 'table' AND NOT name = 'sqlite_sequence'
[0m
  [4;35;1mSQL (0.0ms)[0m   [0mSELECT version FROM schema_migrations[0m
  [4;36;1mSQL (0.0ms)[0m   [0;1m SELECT name
 FROM sqlite_master
 WHERE type = 'table' AND NOT name = 'sqlite_sequence'
[0m
  [4;35;1mSQL (0.0ms)[0m   [0mPRAGMA index_list("high_scores")[0m
  [4;36;1mHighScore Create (2.0ms)[0m   [0;1mINSERT INTO "high_scores" ("name", "score", "updated_at", "created_at") VALUES('Jon', 33, '2009-12-06 19:02:37', '2009-12-06 19:02:37')[0m
  [4;35;1mHighScore Load (2.0ms)[0m   [0mSELECT * FROM "high_scores" [0m


Processing BlackjackController#index (for 127.0.0.1 at 2009-12-06 14:19:26) [GET]
Rendering template within layouts/application
Rendering blackjack/index
Completed in 4071ms (View: 4068, DB: 0) | 200 OK [http://localhost/blackjack]


Processing ApplicationController#index (for 127.0.0.1 at 2009-12-06 14:19:30) [GET]

ActionController::RoutingError (No route matches "/Content/Site.css" with {:method=>:get}):
  c:/ruby/lib/ruby/1.8/webrick/httpserver.rb:104:in `service'
  c:/ruby/lib/ruby/1.8/webrick/httpserver.rb:65:in `run'
  c:/ruby/lib/ruby/1.8/webrick/server.rb:173:in `start_thread'
  c:/ruby/lib/ruby/1.8/webrick/server.rb:162:in `start'
  c:/ruby/lib/ruby/1.8/webrick/server.rb:162:in `start_thread'
  c:/ruby/lib/ruby/1.8/webrick/server.rb:95:in `start'
  c:/ruby/lib/ruby/1.8/webrick/server.rb:92:in `each'
  c:/ruby/lib/ruby/1.8/webrick/server.rb:92:in `start'
  c:/ruby/lib/ruby/1.8/webrick/server.rb:23:in `start'
  c:/ruby/lib/ruby/1.8/webrick/server.rb:82:in `start'

Rendering rescues/layout (not_found)


Processing BlackjackController#index (for 127.0.0.1 at 2009-12-06 14:21:16) [GET]
Rendering template within layouts/application
Rendering blackjack/index
Completed in 22ms (View: 19, DB: 0) | 200 OK [http://localhost/blackjack]


Processing BlackjackController#draw (for 127.0.0.1 at 2009-12-06 14:21:25) [POST]
  Parameters: {"commit"=>"Draw Cards", "authenticity_token"=>"UVstxG5SzP+yvGiEHIsxsbXPmSIXcP725Tni7p6T5lg="}

ActionView::MissingTemplate (Missing template blackjack/draw.erb in view path app/views):
  c:/ruby/lib/ruby/1.8/webrick/httpserver.rb:104:in `service'
  c:/ruby/lib/ruby/1.8/webrick/httpserver.rb:65:in `run'
  c:/ruby/lib/ruby/1.8/webrick/server.rb:173:in `start_thread'
  c:/ruby/lib/ruby/1.8/webrick/server.rb:162:in `start'
  c:/ruby/lib/ruby/1.8/webrick/server.rb:162:in `start_thread'
  c:/ruby/lib/ruby/1.8/webrick/server.rb:95:in `start'
  c:/ruby/lib/ruby/1.8/webrick/server.rb:92:in `each'
  c:/ruby/lib/ruby/1.8/webrick/server.rb:92:in `start'
  c:/ruby/lib/ruby/1.8/webrick/server.rb:23:in `start'
  c:/ruby/lib/ruby/1.8/webrick/server.rb:82:in `start'

Rendering rescues/layout (internal_server_error)


Processing BlackjackController#draw (for 127.0.0.1 at 2009-12-06 20:09:52) [POST]
  Parameters: {"commit"=>"Draw Cards", "authenticity_token"=>"UVstxG5SzP+yvGiEHIsxsbXPmSIXcP725Tni7p6T5lg="}
Rendering template within layouts/application
Rendering blackjack/draw
Completed in 66ms (View: 24, DB: 0) | 200 OK [http://localhost/blackjack/draw]


Processing BlackjackController#draw (for 127.0.0.1 at 2009-12-06 20:09:54) [POST]
  Parameters: {"commit"=>"Draw Again", "authenticity_token"=>"UVstxG5SzP+yvGiEHIsxsbXPmSIXcP725Tni7p6T5lg="}
Rendering template within layouts/application
Rendering blackjack/draw
Completed in 44ms (View: 6, DB: 0) | 200 OK [http://localhost/blackjack/draw]


Processing BlackjackController#draw (for 127.0.0.1 at 2009-12-06 20:09:55) [POST]
  Parameters: {"commit"=>"Draw Again", "authenticity_token"=>"UVstxG5SzP+yvGiEHIsxsbXPmSIXcP725Tni7p6T5lg="}
Rendering template within layouts/application
Rendering blackjack/draw
Completed in 124ms (View: 86, DB: 0) | 200 OK [http://localhost/blackjack/draw]


Processing BlackjackController#draw (for 127.0.0.1 at 2009-12-06 20:09:56) [POST]
  Parameters: {"commit"=>"Draw Again", "authenticity_token"=>"UVstxG5SzP+yvGiEHIsxsbXPmSIXcP725Tni7p6T5lg="}
Rendering template within layouts/application
Rendering blackjack/draw
Completed in 39ms (View: 5, DB: 0) | 200 OK [http://localhost/blackjack/draw]


Processing BlackjackController#draw (for 127.0.0.1 at 2009-12-06 20:09:56) [POST]
  Parameters: {"commit"=>"Draw Again", "authenticity_token"=>"UVstxG5SzP+yvGiEHIsxsbXPmSIXcP725Tni7p6T5lg="}
Rendering template within layouts/application
Rendering blackjack/draw
Completed in 44ms (View: 5, DB: 0) | 200 OK [http://localhost/blackjack/draw]


Processing BlackjackController#draw (for 127.0.0.1 at 2009-12-06 20:09:57) [POST]
  Parameters: {"commit"=>"Draw Again", "authenticity_token"=>"UVstxG5SzP+yvGiEHIsxsbXPmSIXcP725Tni7p6T5lg="}
Rendering template within layouts/application
Rendering blackjack/draw
Completed in 44ms (View: 6, DB: 0) | 200 OK [http://localhost/blackjack/draw]


Processing BlackjackController#draw (for 127.0.0.1 at 2009-12-06 20:09:57) [POST]
  Parameters: {"commit"=>"Draw Again", "authenticity_token"=>"UVstxG5SzP+yvGiEHIsxsbXPmSIXcP725Tni7p6T5lg="}
Rendering template within layouts/application
Rendering blackjack/draw
Completed in 46ms (View: 5, DB: 0) | 200 OK [http://localhost/blackjack/draw]


Processing BlackjackController#draw (for 127.0.0.1 at 2009-12-06 20:10:00) [POST]
  Parameters: {"commit"=>"Draw Again", "authenticity_token"=>"UVstxG5SzP+yvGiEHIsxsbXPmSIXcP725Tni7p6T5lg="}
Rendering template within layouts/application
Rendering blackjack/draw
Completed in 45ms (View: 6, DB: 0) | 200 OK [http://localhost/blackjack/draw]


Processing BlackjackController#draw (for 127.0.0.1 at 2009-12-06 20:10:02) [POST]
  Parameters: {"commit"=>"Draw Again", "authenticity_token"=>"UVstxG5SzP+yvGiEHIsxsbXPmSIXcP725Tni7p6T5lg="}
Rendering template within layouts/application
Rendering blackjack/draw
Completed in 42ms (View: 5, DB: 0) | 200 OK [http://localhost/blackjack/draw]


Processing BlackjackController#draw (for 127.0.0.1 at 2009-12-06 20:10:03) [POST]
  Parameters: {"commit"=>"Draw Again", "authenticity_token"=>"UVstxG5SzP+yvGiEHIsxsbXPmSIXcP725Tni7p6T5lg="}
Rendering template within layouts/application
Rendering blackjack/draw
Completed in 47ms (View: 5, DB: 0) | 200 OK [http://localhost/blackjack/draw]


Processing BlackjackController#draw (for 127.0.0.1 at 2009-12-06 20:11:14) [POST]
  Parameters: {"commit"=>"Draw Again", "authenticity_token"=>"UVstxG5SzP+yvGiEHIsxsbXPmSIXcP725Tni7p6T5lg="}
Rendering template within layouts/application
Rendering blackjack/draw
Completed in 39ms (View: 5, DB: 0) | 200 OK [http://localhost/blackjack/draw]


Processing BlackjackController#draw (for 127.0.0.1 at 2009-12-06 20:11:16) [POST]
  Parameters: {"commit"=>"Draw Again", "authenticity_token"=>"UVstxG5SzP+yvGiEHIsxsbXPmSIXcP725Tni7p6T5lg="}
Rendering template within layouts/application
Rendering blackjack/draw
Completed in 44ms (View: 6, DB: 0) | 200 OK [http://localhost/blackjack/draw]


Processing BlackjackController#draw (for 127.0.0.1 at 2009-12-06 20:11:17) [POST]
  Parameters: {"commit"=>"Draw Again", "authenticity_token"=>"UVstxG5SzP+yvGiEHIsxsbXPmSIXcP725Tni7p6T5lg="}
Rendering template within layouts/application
Rendering blackjack/draw
Completed in 52ms (View: 6, DB: 0) | 200 OK [http://localhost/blackjack/draw]


Processing BlackjackController#draw (for 127.0.0.1 at 2009-12-06 20:11:19) [POST]
  Parameters: {"commit"=>"Draw Again", "authenticity_token"=>"UVstxG5SzP+yvGiEHIsxsbXPmSIXcP725Tni7p6T5lg="}
Rendering template within layouts/application
Rendering blackjack/draw
Completed in 120ms (View: 6, DB: 0) | 200 OK [http://localhost/blackjack/draw]


Processing BlackjackController#index (for 127.0.0.1 at 2009-12-06 20:11:22) [GET]
Rendering template within layouts/application
Rendering blackjack/index
Completed in 9ms (View: 7, DB: 0) | 200 OK [http://localhost/blackjack/index]
